Arguments: 
  C:\Program Files\nodejs\node.exe C:\Users\86184\AppData\Roaming\npm\node_modules\yarn\bin\yarn.js

PATH: 
  C:\Program Files (x86)\VMware\VMware Workstation\bin\;C:\windows\system32;C:\windows;C:\windows\System32\Wbem;C:\windows\System32\WindowsPowerShell\v1.0\;C:\windows\System32\OpenSSH\;C:\Program Files (x86)\NVIDIA Corporation\PhysX\Common;C:\Program Files\NVIDIA Corporation\NVIDIA NvDLISR;C:\Program Files\Microsoft VS Code\bin;C:\Program Files\nodejs\;C:\Program Files\Git\cmd;C:\Program Files (x86)\NetSarang\Xshell 7\;C:\Program Files (x86)\Tencent\微信web开发者工具\dll;C:\Program Files\MySQL\MySQL Shell 8.0\bin\;C:\Users\86184\AppData\Local\Microsoft\WindowsApps;C:\Users\86184\AppData\Roaming\npm

Yarn version: 
  1.22.18

Node version: 
  16.15.0

Platform: 
  win32 x64

Trace: 
  Error: certificate has expired
      at TLSSocket.onConnectSecure (node:_tls_wrap:1532:34)
      at TLSSocket.emit (node:events:527:28)
      at TLSSocket._finishInit (node:_tls_wrap:946:8)
      at TLSWrap.ssl.onhandshakedone (node:_tls_wrap:727:12)

npm manifest: 
  {
    "name": "webpack",
    "version": "1.0.0",
    "description": "",
    "main": "index.js",
    "scripts": {
      "dev": "webpack-dev-server",
      "build": "webpack"
    },
    "keywords": [],
    "author": "",
    "license": "ISC",
    "dependencies": {
      "css-loader": "^6.9.1",
      "file-loader": "^6.2.0",
      "html-loader": "^5.0.0",
      "html-webpack-plugin": "^5.6.0",
      "less": "^4.2.0",
      "less-loader": "^12.1.0",
      "mini-css-extract-plugin": "^2.7.7",
      "style-loader": "^3.3.4",
      "url-loader": "^4.1.1",
      "webpack": "^5.89.0",
      "webpack-cli": "^5.1.4",
      "webpack-dev-server": "^4.15.1"
    }
  }

yarn manifest: 
  No manifest

Lockfile: 
  No lockfile
